<?xml version="1.0" encoding="UTF-8"?>
<testsuite xmlns:xsi="http://www.w3.org/2001/XMLSchema-instance" xsi:noNamespaceSchemaLocation="https://maven.apache.org/surefire/maven-surefire-plugin/xsd/surefire-test-report.xsd" name="maldonado.recommender.AppTest" time="0.11" tests="1" errors="0" skipped="0" failures="0">
  <properties>
    <property name="sun.desktop" value="gnome"/>
    <property name="awt.toolkit" value="sun.awt.X11.XToolkit"/>
    <property name="file.encoding.pkg" value="sun.io"/>
    <property name="java.specification.version" value="1.8"/>
    <property name="sun.cpu.isalist" value=""/>
    <property name="sun.jnu.encoding" value="UTF-8"/>
    <property name="java.class.path" value="/home/maldonado/Cloud/recommender/target/test-classes:/home/maldonado/Cloud/recommender/target/classes:/home/maldonado/.m2/repository/junit/junit/4.11/junit-4.11.jar:/home/maldonado/.m2/repository/org/hamcrest/hamcrest-core/1.3/hamcrest-core-1.3.jar:/home/maldonado/.m2/repository/org/apache/mahout/mahout-core/0.9/mahout-core-0.9.jar:/home/maldonado/.m2/repository/org/apache/mahout/mahout-math/0.9/mahout-math-0.9.jar:/home/maldonado/.m2/repository/com/google/guava/guava/16.0/guava-16.0.jar:/home/maldonado/.m2/repository/org/codehaus/jackson/jackson-core-asl/1.9.12/jackson-core-asl-1.9.12.jar:/home/maldonado/.m2/repository/org/codehaus/jackson/jackson-mapper-asl/1.9.12/jackson-mapper-asl-1.9.12.jar:/home/maldonado/.m2/repository/org/slf4j/slf4j-api/1.7.5/slf4j-api-1.7.5.jar:/home/maldonado/.m2/repository/org/apache/commons/commons-lang3/3.1/commons-lang3-3.1.jar:/home/maldonado/.m2/repository/com/thoughtworks/xstream/xstream/1.4.4/xstream-1.4.4.jar:/home/maldonado/.m2/repository/xmlpull/xmlpull/1.1.3.1/xmlpull-1.1.3.1.jar:/home/maldonado/.m2/repository/xpp3/xpp3_min/1.1.4c/xpp3_min-1.1.4c.jar:/home/maldonado/.m2/repository/org/apache/lucene/lucene-core/4.6.1/lucene-core-4.6.1.jar:/home/maldonado/.m2/repository/org/apache/lucene/lucene-analyzers-common/4.6.1/lucene-analyzers-common-4.6.1.jar:/home/maldonado/.m2/repository/org/apache/mahout/commons/commons-cli/2.0-mahout/commons-cli-2.0-mahout.jar:/home/maldonado/.m2/repository/org/apache/commons/commons-math3/3.2/commons-math3-3.2.jar:/home/maldonado/.m2/repository/org/apache/solr/solr-commons-csv/3.5.0/solr-commons-csv-3.5.0.jar:/home/maldonado/.m2/repository/org/apache/hadoop/hadoop-core/1.2.1/hadoop-core-1.2.1.jar:/home/maldonado/.m2/repository/commons-cli/commons-cli/1.2/commons-cli-1.2.jar:/home/maldonado/.m2/repository/com/sun/jersey/jersey-core/1.8/jersey-core-1.8.jar:/home/maldonado/.m2/repository/com/sun/jersey/jersey-json/1.8/jersey-json-1.8.jar:/home/maldonado/.m2/repository/org/codehaus/jettison/jettison/1.1/jettison-1.1.jar:/home/maldonado/.m2/repository/stax/stax-api/1.0.1/stax-api-1.0.1.jar:/home/maldonado/.m2/repository/com/sun/xml/bind/jaxb-impl/2.2.3-1/jaxb-impl-2.2.3-1.jar:/home/maldonado/.m2/repository/javax/xml/bind/jaxb-api/2.2.2/jaxb-api-2.2.2.jar:/home/maldonado/.m2/repository/javax/xml/stream/stax-api/1.0-2/stax-api-1.0-2.jar:/home/maldonado/.m2/repository/javax/activation/activation/1.1/activation-1.1.jar:/home/maldonado/.m2/repository/org/codehaus/jackson/jackson-jaxrs/1.7.1/jackson-jaxrs-1.7.1.jar:/home/maldonado/.m2/repository/org/codehaus/jackson/jackson-xc/1.7.1/jackson-xc-1.7.1.jar:/home/maldonado/.m2/repository/com/sun/jersey/jersey-server/1.8/jersey-server-1.8.jar:/home/maldonado/.m2/repository/asm/asm/3.1/asm-3.1.jar:/home/maldonado/.m2/repository/commons-io/commons-io/2.1/commons-io-2.1.jar:/home/maldonado/.m2/repository/commons-httpclient/commons-httpclient/3.0.1/commons-httpclient-3.0.1.jar:/home/maldonado/.m2/repository/commons-logging/commons-logging/1.0.3/commons-logging-1.0.3.jar:/home/maldonado/.m2/repository/commons-codec/commons-codec/1.4/commons-codec-1.4.jar:/home/maldonado/.m2/repository/org/apache/commons/commons-math/2.1/commons-math-2.1.jar:/home/maldonado/.m2/repository/commons-configuration/commons-configuration/1.6/commons-configuration-1.6.jar:/home/maldonado/.m2/repository/commons-collections/commons-collections/3.2.1/commons-collections-3.2.1.jar:/home/maldonado/.m2/repository/commons-lang/commons-lang/2.4/commons-lang-2.4.jar:/home/maldonado/.m2/repository/commons-digester/commons-digester/1.8/commons-digester-1.8.jar:/home/maldonado/.m2/repository/commons-beanutils/commons-beanutils/1.7.0/commons-beanutils-1.7.0.jar:/home/maldonado/.m2/repository/commons-beanutils/commons-beanutils-core/1.8.0/commons-beanutils-core-1.8.0.jar:/home/maldonado/.m2/repository/commons-net/commons-net/1.4.1/commons-net-1.4.1.jar:/home/maldonado/.m2/repository/commons-el/commons-el/1.0/commons-el-1.0.jar:/home/maldonado/.m2/repository/org/slf4j/slf4j-simple/1.7.28/slf4j-simple-1.7.28.jar:"/>
    <property name="java.vm.vendor" value="Oracle Corporation"/>
    <property name="sun.arch.data.model" value="64"/>
    <property name="java.vendor.url" value="http://java.oracle.com/"/>
    <property name="user.timezone" value=""/>
    <property name="java.vm.specification.version" value="1.8"/>
    <property name="os.name" value="Linux"/>
    <property name="user.country" value="PE"/>
    <property name="sun.java.launcher" value="SUN_STANDARD"/>
    <property name="sun.boot.library.path" value="/usr/lib/jvm/java-8-oracle/jre/lib/amd64"/>
    <property name="sun.java.command" value="/home/maldonado/Cloud/recommender/target/surefire/surefirebooter372518716778794255.jar /home/maldonado/Cloud/recommender/target/surefire 2019-09-27T00-14-49_735-jvmRun1 surefire3279290009669996704tmp surefire_01418427257295565407tmp"/>
    <property name="surefire.test.class.path" value="/home/maldonado/Cloud/recommender/target/test-classes:/home/maldonado/Cloud/recommender/target/classes:/home/maldonado/.m2/repository/junit/junit/4.11/junit-4.11.jar:/home/maldonado/.m2/repository/org/hamcrest/hamcrest-core/1.3/hamcrest-core-1.3.jar:/home/maldonado/.m2/repository/org/apache/mahout/mahout-core/0.9/mahout-core-0.9.jar:/home/maldonado/.m2/repository/org/apache/mahout/mahout-math/0.9/mahout-math-0.9.jar:/home/maldonado/.m2/repository/com/google/guava/guava/16.0/guava-16.0.jar:/home/maldonado/.m2/repository/org/codehaus/jackson/jackson-core-asl/1.9.12/jackson-core-asl-1.9.12.jar:/home/maldonado/.m2/repository/org/codehaus/jackson/jackson-mapper-asl/1.9.12/jackson-mapper-asl-1.9.12.jar:/home/maldonado/.m2/repository/org/slf4j/slf4j-api/1.7.5/slf4j-api-1.7.5.jar:/home/maldonado/.m2/repository/org/apache/commons/commons-lang3/3.1/commons-lang3-3.1.jar:/home/maldonado/.m2/repository/com/thoughtworks/xstream/xstream/1.4.4/xstream-1.4.4.jar:/home/maldonado/.m2/repository/xmlpull/xmlpull/1.1.3.1/xmlpull-1.1.3.1.jar:/home/maldonado/.m2/repository/xpp3/xpp3_min/1.1.4c/xpp3_min-1.1.4c.jar:/home/maldonado/.m2/repository/org/apache/lucene/lucene-core/4.6.1/lucene-core-4.6.1.jar:/home/maldonado/.m2/repository/org/apache/lucene/lucene-analyzers-common/4.6.1/lucene-analyzers-common-4.6.1.jar:/home/maldonado/.m2/repository/org/apache/mahout/commons/commons-cli/2.0-mahout/commons-cli-2.0-mahout.jar:/home/maldonado/.m2/repository/org/apache/commons/commons-math3/3.2/commons-math3-3.2.jar:/home/maldonado/.m2/repository/org/apache/solr/solr-commons-csv/3.5.0/solr-commons-csv-3.5.0.jar:/home/maldonado/.m2/repository/org/apache/hadoop/hadoop-core/1.2.1/hadoop-core-1.2.1.jar:/home/maldonado/.m2/repository/commons-cli/commons-cli/1.2/commons-cli-1.2.jar:/home/maldonado/.m2/repository/com/sun/jersey/jersey-core/1.8/jersey-core-1.8.jar:/home/maldonado/.m2/repository/com/sun/jersey/jersey-json/1.8/jersey-json-1.8.jar:/home/maldonado/.m2/repository/org/codehaus/jettison/jettison/1.1/jettison-1.1.jar:/home/maldonado/.m2/repository/stax/stax-api/1.0.1/stax-api-1.0.1.jar:/home/maldonado/.m2/repository/com/sun/xml/bind/jaxb-impl/2.2.3-1/jaxb-impl-2.2.3-1.jar:/home/maldonado/.m2/repository/javax/xml/bind/jaxb-api/2.2.2/jaxb-api-2.2.2.jar:/home/maldonado/.m2/repository/javax/xml/stream/stax-api/1.0-2/stax-api-1.0-2.jar:/home/maldonado/.m2/repository/javax/activation/activation/1.1/activation-1.1.jar:/home/maldonado/.m2/repository/org/codehaus/jackson/jackson-jaxrs/1.7.1/jackson-jaxrs-1.7.1.jar:/home/maldonado/.m2/repository/org/codehaus/jackson/jackson-xc/1.7.1/jackson-xc-1.7.1.jar:/home/maldonado/.m2/repository/com/sun/jersey/jersey-server/1.8/jersey-server-1.8.jar:/home/maldonado/.m2/repository/asm/asm/3.1/asm-3.1.jar:/home/maldonado/.m2/repository/commons-io/commons-io/2.1/commons-io-2.1.jar:/home/maldonado/.m2/repository/commons-httpclient/commons-httpclient/3.0.1/commons-httpclient-3.0.1.jar:/home/maldonado/.m2/repository/commons-logging/commons-logging/1.0.3/commons-logging-1.0.3.jar:/home/maldonado/.m2/repository/commons-codec/commons-codec/1.4/commons-codec-1.4.jar:/home/maldonado/.m2/repository/org/apache/commons/commons-math/2.1/commons-math-2.1.jar:/home/maldonado/.m2/repository/commons-configuration/commons-configuration/1.6/commons-configuration-1.6.jar:/home/maldonado/.m2/repository/commons-collections/commons-collections/3.2.1/commons-collections-3.2.1.jar:/home/maldonado/.m2/repository/commons-lang/commons-lang/2.4/commons-lang-2.4.jar:/home/maldonado/.m2/repository/commons-digester/commons-digester/1.8/commons-digester-1.8.jar:/home/maldonado/.m2/repository/commons-beanutils/commons-beanutils/1.7.0/commons-beanutils-1.7.0.jar:/home/maldonado/.m2/repository/commons-beanutils/commons-beanutils-core/1.8.0/commons-beanutils-core-1.8.0.jar:/home/maldonado/.m2/repository/commons-net/commons-net/1.4.1/commons-net-1.4.1.jar:/home/maldonado/.m2/repository/commons-el/commons-el/1.0/commons-el-1.0.jar:/home/maldonado/.m2/repository/org/slf4j/slf4j-simple/1.7.28/slf4j-simple-1.7.28.jar:"/>
    <property name="sun.cpu.endian" value="little"/>
    <property name="user.home" value="/home/maldonado"/>
    <property name="user.language" value="es"/>
    <property name="java.specification.vendor" value="Oracle Corporation"/>
    <property name="java.home" value="/usr/lib/jvm/java-8-oracle/jre"/>
    <property name="basedir" value="/home/maldonado/Cloud/recommender"/>
    <property name="file.separator" value="/"/>
    <property name="line.separator" value="&#10;"/>
    <property name="java.vm.specification.vendor" value="Oracle Corporation"/>
    <property name="java.specification.name" value="Java Platform API Specification"/>
    <property name="java.awt.graphicsenv" value="sun.awt.X11GraphicsEnvironment"/>
    <property name="surefire.real.class.path" value="/home/maldonado/Cloud/recommender/target/surefire/surefirebooter372518716778794255.jar"/>
    <property name="sun.boot.class.path" value="/usr/lib/jvm/java-8-oracle/jre/lib/resources.jar:/usr/lib/jvm/java-8-oracle/jre/lib/rt.jar:/usr/lib/jvm/java-8-oracle/jre/lib/sunrsasign.jar:/usr/lib/jvm/java-8-oracle/jre/lib/jsse.jar:/usr/lib/jvm/java-8-oracle/jre/lib/jce.jar:/usr/lib/jvm/java-8-oracle/jre/lib/charsets.jar:/usr/lib/jvm/java-8-oracle/jre/lib/jfr.jar:/usr/lib/jvm/java-8-oracle/jre/classes"/>
    <property name="sun.management.compiler" value="HotSpot 64-Bit Tiered Compilers"/>
    <property name="java.runtime.version" value="1.8.0_201-b09"/>
    <property name="user.name" value="maldonado"/>
    <property name="path.separator" value=":"/>
    <property name="os.version" value="4.15.0-64-generic"/>
    <property name="java.endorsed.dirs" value="/usr/lib/jvm/java-8-oracle/jre/lib/endorsed"/>
    <property name="java.runtime.name" value="Java(TM) SE Runtime Environment"/>
    <property name="file.encoding" value="UTF-8"/>
    <property name="java.vm.name" value="Java HotSpot(TM) 64-Bit Server VM"/>
    <property name="localRepository" value="/home/maldonado/.m2/repository"/>
    <property name="java.vendor.url.bug" value="http://bugreport.sun.com/bugreport/"/>
    <property name="java.io.tmpdir" value="/tmp"/>
    <property name="java.version" value="1.8.0_201"/>
    <property name="user.dir" value="/home/maldonado/Cloud/recommender"/>
    <property name="os.arch" value="amd64"/>
    <property name="java.vm.specification.name" value="Java Virtual Machine Specification"/>
    <property name="java.awt.printerjob" value="sun.print.PSPrinterJob"/>
    <property name="sun.os.patch.level" value="unknown"/>
    <property name="java.library.path" value="/usr/local/cuda/lib64::/usr/java/packages/lib/amd64:/usr/lib64:/lib64:/lib:/usr/lib"/>
    <property name="java.vm.info" value="mixed mode"/>
    <property name="java.vendor" value="Oracle Corporation"/>
    <property name="java.vm.version" value="25.201-b09"/>
    <property name="java.ext.dirs" value="/usr/lib/jvm/java-8-oracle/jre/lib/ext:/usr/java/packages/lib/ext"/>
    <property name="sun.io.unicode.encoding" value="UnicodeLittle"/>
    <property name="java.class.version" value="52.0"/>
  </properties>
  <testcase name="shouldAnswerWithTrue" classname="maldonado.recommender.AppTest" time="0.002"/>
</testsuite>